<?xml version="1.0" encoding="UTF-8"?>
<testng-results ignored="0" total="1" passed="1" failed="0" skipped="0">
  <reporter-output>
  </reporter-output>
  <suite started-at="2026-05-11T21:20:06 IST" name="Surefire suite" finished-at="2026-05-11T21:20:06 IST" duration-ms="53">
    <groups>
    </groups>
    <test started-at="2026-05-11T21:20:06 IST" name="Surefire test" finished-at="2026-05-11T21:20:06 IST" duration-ms="53">
      <class name="day1.LoginTest">
        <test-method signature="hello()[pri:0, instance:day1.LoginTest@27c86f2d]" started-at="2026-05-11T21:20:06 IST" name="hello" finished-at="2026-05-11T21:20:06 IST" duration-ms="5" status="PASS">
          <reporter-output>
          </reporter-output>
        </test-method> <!-- hello -->
      </class> <!-- day1.LoginTest -->
    </test> <!-- Surefire test -->
  </suite> <!-- Surefire suite -->
</testng-results>
