<?xml version="1.0" encoding="UTF-8"?>
<testng-results ignored="0" total="1" passed="1" failed="0" skipped="0">
  <reporter-output>
  </reporter-output>
  <suite started-at="2026-05-09T19:47:22 IST" name="Default suite" finished-at="2026-05-09T19:47:22 IST" duration-ms="61">
    <groups>
    </groups>
    <test started-at="2026-05-09T19:47:22 IST" name="Default test" finished-at="2026-05-09T19:47:22 IST" duration-ms="61">
      <class name="day1.LoginTest">
        <test-method signature="hello()[pri:0, instance:day1.LoginTest@1d2adfbe]" started-at="2026-05-09T19:47:22 IST" name="hello" finished-at="2026-05-09T19:47:22 IST" duration-ms="10" status="PASS">
          <reporter-output>
          </reporter-output>
        </test-method> <!-- hello -->
      </class> <!-- day1.LoginTest -->
    </test> <!-- Default test -->
  </suite> <!-- Default suite -->
</testng-results>
